<?xml version="1.0" encoding="UTF-8"?>
<!-- Generated by org.testng.reporters.JUnitReportReporter -->
<testsuite hostname="AFZAL" failures="0" tests="3" name="TestCases.TC001_SearchBoxTest" time="15.125" errors="0" timestamp="2024-09-28T23:45:32 IST" skipped="0">
  <testcase classname="TestCases.TC001_SearchBoxTest" name="SearchTest" time="5.436"/>
  <testcase classname="TestCases.TC001_SearchBoxTest" name="SearchTest" time="6.745"/>
  <testcase classname="TestCases.TC001_SearchBoxTest" name="SearchTest" time="2.944"/>
</testsuite> <!-- TestCases.TC001_SearchBoxTest -->
