<?xml version="1.0" encoding="UTF-8"?>
<!-- Generated by org.testng.reporters.JUnitReportReporter -->
<testsuite hostname="AFZAL" failures="0" tests="1" name="TestCases.TC002_AlexaSmartHome" time="1.697" errors="0" timestamp="2024-09-30T17:54:00 IST" skipped="0">
  <testcase classname="TestCases.TC002_AlexaSmartHome" name="AlexaSHTest" time="1.697"/>
</testsuite> <!-- TestCases.TC002_AlexaSmartHome -->
